<?xml version="1.0" encoding="UTF-8"?>
<testsuite name="com.audition.AuditionApplicationTests" tests="1" skipped="0" failures="0" errors="0" timestamp="2023-12-03T02:41:52" hostname="LAPTOP-3SM6M729" time="1.376">
  <properties/>
  <testcase name="contextLoads(ApplicationContext)" classname="com.audition.AuditionApplicationTests" time="1.376"/>
  <system-out><![CDATA[03:41:30.549 [Test worker] DEBUG org.springframework.boot.test.context.SpringBootTestContextBootstrapper - Neither @ContextConfiguration nor @ContextHierarchy found for test class [AuditionApplicationTests]: using SpringBootContextLoader
03:41:30.575 [Test worker] DEBUG org.springframework.test.context.support.AbstractContextLoader - Could not detect default resource locations for test class [com.audition.AuditionApplicationTests]: no resource found for suffixes {-context.xml, Context.groovy}.
03:41:30.611 [Test worker] INFO org.springframework.test.context.support.AnnotationConfigContextLoaderUtils - Could not detect default configuration classes for test class [com.audition.AuditionApplicationTests]: AuditionApplicationTests does not declare any static, non-private, non-final, nested classes annotated with @Configuration.
03:41:30.838 [Test worker] DEBUG org.springframework.boot.test.context.SpringBootTestContextBootstrapper - Using ContextCustomizers for test class [AuditionApplicationTests]: [DisableObservabilityContextCustomizer, PropertyMappingContextCustomizer, Customizer, ExcludeFilterContextCustomizer, DuplicateJsonObjectContextCustomizer, MockitoContextCustomizer, TestRestTemplateContextCustomizer, WebTestClientContextCustomizer]
03:41:31.770 [Test worker] DEBUG org.springframework.context.annotation.ClassPathScanningCandidateComponentProvider - Identified candidate component class: file [C:\LazarDukic-MedibankTest\audition-api\build\classes\java\main\com\audition\AuditionApplication.class]
03:41:31.774 [Test worker] INFO org.springframework.boot.test.context.SpringBootTestContextBootstrapper - Found @SpringBootConfiguration com.audition.AuditionApplication for test class com.audition.AuditionApplicationTests
03:41:33.099 [Test worker] DEBUG org.springframework.boot.test.context.SpringBootTestContextBootstrapper - Using TestExecutionListeners for test class [AuditionApplicationTests]: [ServletTestExecutionListener, DirtiesContextBeforeModesTestExecutionListener, ApplicationEventsTestExecutionListener, MockitoTestExecutionListener, DependencyInjectionTestExecutionListener, DirtiesContextTestExecutionListener, TransactionalTestExecutionListener, SqlScriptsTestExecutionListener, EventPublishingTestExecutionListener, RestDocsTestExecutionListener, MockRestServiceServerResetTestExecutionListener, MockMvcPrintOnlyOnFailureTestExecutionListener, WebDriverTestExecutionListener, MockWebServiceServerTestExecutionListener, ResetMocksTestExecutionListener]
03:41:33.104 [Test worker] DEBUG org.springframework.test.context.support.AbstractDirtiesContextTestExecutionListener - Before test class: class [AuditionApplicationTests], class annotated with @DirtiesContext [false] with mode [null]
03:41:36,736 |-INFO in ch.qos.logback.core.joran.util.ConfigurationWatchListUtil@1abea1ed - Adding [jar:file:/C:/Users/lazar/.gradle/caches/modules-2/files-2.1/org.springframework.boot/spring-boot/3.0.3/d781e7afbeb3d05ce361e9cc4fa7d38b15fb3862/spring-boot-3.0.3.jar!/org/springframework/boot/logging/logback/defaults.xml] to configuration watch list.
03:41:36,736 |-INFO in ch.qos.logback.core.joran.spi.ConfigurationWatchList@6f5288c5 - URL [jar:file:/C:/Users/lazar/.gradle/caches/modules-2/files-2.1/org.springframework.boot/spring-boot/3.0.3/d781e7afbeb3d05ce361e9cc4fa7d38b15fb3862/spring-boot-3.0.3.jar!/org/springframework/boot/logging/logback/defaults.xml] is not of type file
03:41:36,741 |-INFO in ch.qos.logback.core.joran.action.ConversionRuleAction - registering conversion word clr with class [org.springframework.boot.logging.logback.ColorConverter]
03:41:36,741 |-INFO in ch.qos.logback.core.joran.action.ConversionRuleAction - registering conversion word wex with class [org.springframework.boot.logging.logback.WhitespaceThrowableProxyConverter]
03:41:36,741 |-INFO in ch.qos.logback.core.joran.action.ConversionRuleAction - registering conversion word wEx with class [org.springframework.boot.logging.logback.ExtendedWhitespaceThrowableProxyConverter]
03:41:36,853 |-INFO in ch.qos.logback.core.model.processor.AppenderModelHandler - Processing appender named [console]
03:41:36,853 |-INFO in ch.qos.logback.core.model.processor.AppenderModelHandler - About to instantiate appender of type [ch.qos.logback.core.ConsoleAppender]
03:41:36,864 |-INFO in ch.qos.logback.core.model.processor.ImplicitModelHandler - Assuming default type [ch.qos.logback.classic.encoder.PatternLayoutEncoder] for [encoder] property
03:41:36,944 |-WARN in ch.qos.logback.core.model.processor.AppenderModelHandler - Appender named [flatfile] not referenced. Skipping further processing.
03:41:36,944 |-WARN in ch.qos.logback.core.model.processor.AppenderModelHandler - Appender named [logstash] not referenced. Skipping further processing.
03:41:36,944 |-INFO in ch.qos.logback.classic.model.processor.LoggerModelHandler - Setting level of logger [org.apache.catalina.startup.DigesterFactory] to ERROR
03:41:36,945 |-INFO in ch.qos.logback.classic.jul.LevelChangePropagator@5a9ef32e - Propagating ERROR level on Logger[org.apache.catalina.startup.DigesterFactory] onto the JUL framework
03:41:36,947 |-INFO in ch.qos.logback.classic.model.processor.LoggerModelHandler - Setting level of logger [org.apache.catalina.util.LifecycleBase] to ERROR
03:41:36,947 |-INFO in ch.qos.logback.classic.jul.LevelChangePropagator@5a9ef32e - Propagating ERROR level on Logger[org.apache.catalina.util.LifecycleBase] onto the JUL framework
03:41:36,947 |-INFO in ch.qos.logback.classic.model.processor.LoggerModelHandler - Setting level of logger [org.apache.coyote.http11.Http11NioProtocol] to WARN
03:41:36,947 |-INFO in ch.qos.logback.classic.jul.LevelChangePropagator@5a9ef32e - Propagating WARN level on Logger[org.apache.coyote.http11.Http11NioProtocol] onto the JUL framework
03:41:36,947 |-INFO in ch.qos.logback.classic.model.processor.LoggerModelHandler - Setting level of logger [org.apache.sshd.common.util.SecurityUtils] to WARN
03:41:36,947 |-INFO in ch.qos.logback.classic.jul.LevelChangePropagator@5a9ef32e - Propagating WARN level on Logger[org.apache.sshd.common.util.SecurityUtils] onto the JUL framework
03:41:36,947 |-INFO in ch.qos.logback.classic.model.processor.LoggerModelHandler - Setting level of logger [org.apache.tomcat.util.net.NioSelectorPool] to WARN
03:41:36,947 |-INFO in ch.qos.logback.classic.jul.LevelChangePropagator@5a9ef32e - Propagating WARN level on Logger[org.apache.tomcat.util.net.NioSelectorPool] onto the JUL framework
03:41:36,947 |-INFO in ch.qos.logback.classic.model.processor.LoggerModelHandler - Setting level of logger [org.eclipse.jetty.util.component.AbstractLifeCycle] to ERROR
03:41:36,947 |-INFO in ch.qos.logback.classic.jul.LevelChangePropagator@5a9ef32e - Propagating ERROR level on Logger[org.eclipse.jetty.util.component.AbstractLifeCycle] onto the JUL framework
03:41:36,948 |-INFO in ch.qos.logback.classic.model.processor.LoggerModelHandler - Setting level of logger [org.hibernate.validator.internal.util.Version] to WARN
03:41:36,948 |-INFO in ch.qos.logback.classic.jul.LevelChangePropagator@5a9ef32e - Propagating WARN level on Logger[org.hibernate.validator.internal.util.Version] onto the JUL framework
03:41:36,948 |-INFO in ch.qos.logback.classic.model.processor.LoggerModelHandler - Setting level of logger [org.springframework.boot.actuate.endpoint.jmx] to WARN
03:41:36,948 |-INFO in ch.qos.logback.classic.jul.LevelChangePropagator@5a9ef32e - Propagating WARN level on Logger[org.springframework.boot.actuate.endpoint.jmx] onto the JUL framework
03:41:36,948 |-INFO in ch.qos.logback.classic.model.processor.RootLoggerModelHandler - Setting level of ROOT logger to INFO
03:41:36,948 |-INFO in ch.qos.logback.classic.jul.LevelChangePropagator@5a9ef32e - Propagating INFO level on Logger[ROOT] onto the JUL framework
03:41:36,949 |-INFO in ch.qos.logback.core.model.processor.AppenderRefModelHandler - Attaching appender named [console] to Logger[ROOT]
03:41:36,949 |-INFO in ch.qos.logback.core.model.processor.DefaultProcessor@e2ee348 - End of configuration.
03:41:36,949 |-INFO in org.springframework.boot.logging.logback.SpringBootJoranConfigurator@61f08aa9 - Registering current configuration as safe fallback point


  .   ____          _            __ _ _
 /\\ / ___'_ __ _ _(_)_ __  __ _ \ \ \ \
( ( )\___ | '_ | '_| | '_ \/ _` | \ \ \ \
 \\/  ___)| |_)| | | | | || (_| |  ) ) ) )
  '  |____| .__|_| |_|_| |_\__, | / / / /
 =========|_|==============|___/=/_/_/_/
 :: Spring Boot ::                (v3.0.3)

2023-12-03 03:41:37.131  INFO 3748 --- [    Test worker] com.audition.AuditionApplicationTests    : Starting AuditionApplicationTests using Java 17.0.6 with PID 3748 (started by lazar in C:\LazarDukic-MedibankTest\audition-api)
2023-12-03 03:41:37.135  INFO 3748 --- [    Test worker] com.audition.AuditionApplicationTests    : No active profile set, falling back to 1 default profile: "default"
2023-12-03 03:41:37.230  INFO 3748 --- [    Test worker] o.s.c.c.c.ConfigServerConfigDataLoader   : Fetching config from server at : http://localhost:8888
2023-12-03 03:41:37.231  INFO 3748 --- [    Test worker] o.s.c.c.c.ConfigServerConfigDataLoader   : Connect Timeout Exception on Url - http://localhost:8888. Will try the next url if available
2023-12-03 03:41:37.231  WARN 3748 --- [    Test worker] o.s.c.c.c.ConfigServerConfigDataLoader   : Could not locate PropertySource ([ConfigServerConfigDataResource@7cdb05aa uris = array<String>['http://localhost:8888'], optional = true, profiles = list['default']]): I/O error on GET request for "http://localhost:8888/application/default": Connection refused: no further information
2023-12-03 03:41:41.547  INFO 3748 --- [    Test worker] o.s.cloud.context.scope.GenericScope     : BeanFactory id=9c3a2121-6321-3e2b-b6df-3a6ec1043941
2023-12-03 03:41:51.919  INFO 3748 --- [    Test worker] o.s.b.a.e.web.EndpointLinksResolver      : Exposing 1 endpoint(s) beneath base path '/actuator'
2023-12-03 03:41:52.073  INFO 3748 --- [    Test worker] com.audition.AuditionApplicationTests    : Started AuditionApplicationTests in 18.698 seconds (process running for 34.27)
]]></system-out>
  <system-err><![CDATA[]]></system-err>
</testsuite>
